#
# There is insufficient memory for the Java Runtime Environment to continue.
# Native memory allocation (mmap) failed to map 268435456 bytes for G1 virtual space
# Possible reasons:
#   The system is out of physical RAM or swap space
#   The process is running with CompressedOops enabled, and the Java Heap may be blocking the growth of the native heap
# Possible solutions:
#   Reduce memory load on the system
#   Increase physical memory or swap space
#   Check if swap backing store is full
#   Decrease Java heap size (-Xmx/-Xms)
#   Decrease number of Java threads
#   Decrease Java thread stack sizes (-Xss)
#   Set larger code cache with -XX:ReservedCodeCacheSize=
#   JVM is running with Zero Based Compressed Oops mode in which the Java heap is
#     placed in the first 32GB address space. The Java Heap base address is the
#     maximum limit for the native heap growth. Please use -XX:HeapBaseMinAddress
#     to set the Java Heap base and to place the Java Heap above 32GB virtual address.
# This output file may be truncated or incomplete.
#
#  Out of Memory Error (os_windows.cpp:3825), pid=204756, tid=202864
#
# JRE version:  (17.0.10+1) (build )
# Java VM: OpenJDK 64-Bit Server VM (17.0.10+1-b1087.17, mixed mode, sharing, tiered, compressed oops, compressed class ptrs, g1 gc, windows-amd64)
# No core dump will be written. Minidumps are not enabled by default on client versions of Windows
#

---------------  S U M M A R Y ------------

Command Line: git4idea.http.GitAskPassApp Username for 'https://github.com': 

Host: Intel(R) Core(TM) i5-9600K CPU @ 3.70GHz, 6 cores, 15G,  Windows 10 , 64 bit Build 19041 (10.0.19041.3636)
Time: Thu Apr  4 11:19:28 2024 Eastern Daylight Time elapsed time: 0.007968 seconds (0d 0h 0m 0s)

---------------  T H R E A D  ---------------

Current thread (0x0000018c5120dfd0):  JavaThread "Unknown thread" [_thread_in_vm, id=202864, stack(0x000000636f700000,0x000000636f800000)]

Stack: [0x000000636f700000,0x000000636f800000]
Native frames: (J=compiled Java code, j=interpreted, Vv=VM code, C=native code)
V  [jvm.dll+0x688ac9]
V  [jvm.dll+0x84220a]
V  [jvm.dll+0x843e4e]
V  [jvm.dll+0x8444b3]
V  [jvm.dll+0x24ba8f]
V  [jvm.dll+0x685899]
V  [jvm.dll+0x67a14a]
V  [jvm.dll+0x30c7eb]
V  [jvm.dll+0x313c96]
V  [jvm.dll+0x363a2e]
V  [jvm.dll+0x363c5f]
V  [jvm.dll+0x2e25b8]
V  [jvm.dll+0x2e3524]
V  [jvm.dll+0x812d71]
V  [jvm.dll+0x3718e1]
V  [jvm.dll+0x7f18d6]
V  [jvm.dll+0x3f553f]
V  [jvm.dll+0x3f7171]
C  [jli.dll+0x528f]
C  [ucrtbase.dll+0x21bb2]
C  [KERNEL32.DLL+0x17344]
C  [ntdll.dll+0x526b1]


---------------  P R O C E S S  ---------------

Threads class SMR info:
_java_thread_list=0x00007fffe228ef58, length=0, elements={
}

Java Threads: ( => current thread )

Other Threads:
  0x0000018c5327c0f0 GCTaskThread "GC Thread#0" [stack: 0x000000636f800000,0x000000636f900000] [id=204156]
  0x0000018c5328ce50 ConcurrentGCThread "G1 Main Marker" [stack: 0x000000636f900000,0x000000636fa00000] [id=200988]
  0x0000018c5328df20 ConcurrentGCThread "G1 Conc#0" [stack: 0x000000636fa00000,0x000000636fb00000] [id=203760]

[error occurred during error reporting (printing all threads), id 0xc0000005, EXCEPTION_ACCESS_VIOLATION (0xc0000005) at pc=0x00007fffe1a43187]

VM state: not at safepoint (not fully initialized)

VM Mutex/Monitor currently owned by a thread:  ([mutex/lock_event])
[0x0000018c532101c0] Heap_lock - owner thread: 0x0000018c5120dfd0

Heap address: 0x0000000701000000, size: 4080 MB, Compressed Oops mode: Zero based, Oop shift amount: 3

CDS archive(s) mapped at: [0x0000000000000000-0x0000000000000000-0x0000000000000000), size 0, SharedBaseAddress: 0x0000000800000000, ArchiveRelocationMode: 1.
Narrow klass base: 0x0000000000000000, Narrow klass shift: 0, Narrow klass range: 0x0

GC Precious Log:
<Empty>

Heap:
 garbage-first heap   total 0K, used 0K [0x0000000701000000, 0x0000000800000000)
  region size 2048K, 0 young (0K), 0 survivors (0K)
 Metaspace       used 0K, committed 0K, reserved 0K
  class space    used 0K, committed 0K, reserved 0K

Heap Regions: E=young(eden), S=young(survivor), O=old, HS=humongous(starts), HC=humongous(continues), CS=collection set, F=free, OA=open archive, CA=closed archive, TAMS=top-at-mark-start (previous, next)

Card table byte_map: [0x0000018c662a0000,0x0000018c66aa0000] _byte_map_base: 0x0000018c62a98000

Marking Bits (Prev, Next): (CMBitMap*) 0x0000018c5327c620, (CMBitMap*) 0x0000018c5327c660
 Prev Bits: [0x0000018c672a0000, 0x0000018c6b260000)
 Next Bits: [0x0000018c6b260000, 0x0000018c6f220000)

GC Heap History (0 events):
No events

Dll operation events (1 events):
Event: 0.004 Loaded shared library C:\Program Files\JetBrains\WebStorm 2023.3.4\jbr\bin\java.dll

Deoptimization events (0 events):
No events

Classes unloaded (0 events):
No events

Classes redefined (0 events):
No events

Internal exceptions (0 events):
No events

VM Operations (0 events):
No events

Events (0 events):
No events


Dynamic libraries:
0x00007ff6251a0000 - 0x00007ff6251aa000 	C:\Program Files\JetBrains\WebStorm 2023.3.4\jbr\bin\java.exe
0x00007ff8c3830000 - 0x00007ff8c3a28000 	C:\WINDOWS\SYSTEM32\ntdll.dll
0x00007ff8c3520000 - 0x00007ff8c35dd000 	C:\WINDOWS\System32\KERNEL32.DLL
0x00007ff8c1530000 - 0x00007ff8c1826000 	C:\WINDOWS\System32\KERNELBASE.dll
0x00007ff8c11b0000 - 0x00007ff8c12b0000 	C:\WINDOWS\System32\ucrtbase.dll
0x00007ff8b2130000 - 0x00007ff8b2147000 	C:\Program Files\JetBrains\WebStorm 2023.3.4\jbr\bin\jli.dll
0x00007ff8c2680000 - 0x00007ff8c281e000 	C:\WINDOWS\System32\USER32.dll
0x00007ff8c1350000 - 0x00007ff8c1372000 	C:\WINDOWS\System32\win32u.dll
0x00007ff896b30000 - 0x00007ff896b4b000 	C:\Program Files\JetBrains\WebStorm 2023.3.4\jbr\bin\VCRUNTIME140.dll
0x00007ff8c34f0000 - 0x00007ff8c351b000 	C:\WINDOWS\System32\GDI32.dll
0x00007ff8c0f30000 - 0x00007ff8c1047000 	C:\WINDOWS\System32\gdi32full.dll
0x00007ff8b2c60000 - 0x00007ff8b2efa000 	C:\WINDOWS\WinSxS\amd64_microsoft.windows.common-controls_6595b64144ccf1df_6.0.19041.3636_none_60b6a03d71f818d5\COMCTL32.dll
0x00007ff8c12b0000 - 0x00007ff8c134d000 	C:\WINDOWS\System32\msvcp_win.dll
0x00007ff8c3200000 - 0x00007ff8c329e000 	C:\WINDOWS\System32\msvcrt.dll
0x00007ff8c18e0000 - 0x00007ff8c1912000 	C:\WINDOWS\System32\IMM32.DLL
0x00007ff8be670000 - 0x00007ff8be67c000 	C:\Program Files\JetBrains\WebStorm 2023.3.4\jbr\bin\vcruntime140_1.dll
0x00007ff846610000 - 0x00007ff84669d000 	C:\Program Files\JetBrains\WebStorm 2023.3.4\jbr\bin\msvcp140.dll
0x00007fffe1750000 - 0x00007fffe23d3000 	C:\Program Files\JetBrains\WebStorm 2023.3.4\jbr\bin\server\jvm.dll
0x00007ff8c3740000 - 0x00007ff8c37f0000 	C:\WINDOWS\System32\ADVAPI32.dll
0x00007ff8c3450000 - 0x00007ff8c34f0000 	C:\WINDOWS\System32\sechost.dll
0x00007ff8c1920000 - 0x00007ff8c1a45000 	C:\WINDOWS\System32\RPCRT4.dll
0x00007ff8c1830000 - 0x00007ff8c1857000 	C:\WINDOWS\System32\bcrypt.dll
0x00007ff8c0d40000 - 0x00007ff8c0d8b000 	C:\WINDOWS\SYSTEM32\POWRPROF.dll
0x00007ff8a6d50000 - 0x00007ff8a6d59000 	C:\WINDOWS\SYSTEM32\WSOCK32.dll
0x00007ff8b14a0000 - 0x00007ff8b14c7000 	C:\WINDOWS\SYSTEM32\WINMM.dll
0x00007ff8c2a20000 - 0x00007ff8c2a8b000 	C:\WINDOWS\System32\WS2_32.dll
0x00007ff8ba090000 - 0x00007ff8ba09a000 	C:\WINDOWS\SYSTEM32\VERSION.dll
0x00007ff8c0c70000 - 0x00007ff8c0c82000 	C:\WINDOWS\SYSTEM32\UMPDC.dll
0x00007ff8bed70000 - 0x00007ff8bed82000 	C:\WINDOWS\SYSTEM32\kernel.appcore.dll
0x00007ff8be660000 - 0x00007ff8be66a000 	C:\Program Files\JetBrains\WebStorm 2023.3.4\jbr\bin\jimage.dll
0x00007ff8ae750000 - 0x00007ff8ae934000 	C:\WINDOWS\SYSTEM32\DBGHELP.DLL
0x00007ff8912a0000 - 0x00007ff8912d4000 	C:\WINDOWS\SYSTEM32\dbgcore.DLL
0x00007ff8c1380000 - 0x00007ff8c1402000 	C:\WINDOWS\System32\bcryptPrimitives.dll
0x00007ff8b2450000 - 0x00007ff8b2475000 	C:\Program Files\JetBrains\WebStorm 2023.3.4\jbr\bin\java.dll

dbghelp: loaded successfully - version: 4.0.5 - missing functions: none
symbol engine: initialized successfully - sym options: 0x614 - pdb path: .;C:\Program Files\JetBrains\WebStorm 2023.3.4\jbr\bin;C:\WINDOWS\SYSTEM32;C:\WINDOWS\WinSxS\amd64_microsoft.windows.common-controls_6595b64144ccf1df_6.0.19041.3636_none_60b6a03d71f818d5;C:\Program Files\JetBrains\WebStorm 2023.3.4\jbr\bin\server

VM Arguments:
java_command: git4idea.http.GitAskPassApp Username for 'https://github.com': 
java_class_path (initial): C:/Program Files/JetBrains/WebStorm 2023.3.4/plugins/vcs-git/lib/git4idea-rt.jar;C:/Program Files/JetBrains/WebStorm 2023.3.4/lib/externalProcess-rt.jar
Launcher Type: SUN_STANDARD

[Global flags]
     intx CICompilerCount                          = 3                                         {product} {ergonomic}
     uint ConcGCThreads                            = 2                                         {product} {ergonomic}
     uint G1ConcRefinementThreads                  = 6                                         {product} {ergonomic}
   size_t G1HeapRegionSize                         = 2097152                                   {product} {ergonomic}
    uintx GCDrainStackTargetSize                   = 64                                        {product} {ergonomic}
   size_t InitialHeapSize                          = 268435456                                 {product} {ergonomic}
   size_t MarkStackSize                            = 4194304                                   {product} {ergonomic}
   size_t MaxHeapSize                              = 4278190080                                {product} {ergonomic}
   size_t MinHeapDeltaBytes                        = 2097152                                   {product} {ergonomic}
   size_t MinHeapSize                              = 8388608                                   {product} {ergonomic}
    uintx NonNMethodCodeHeapSize                   = 5832780                                {pd product} {ergonomic}
    uintx NonProfiledCodeHeapSize                  = 122912730                              {pd product} {ergonomic}
    uintx ProfiledCodeHeapSize                     = 122912730                              {pd product} {ergonomic}
    uintx ReservedCodeCacheSize                    = 251658240                              {pd product} {ergonomic}
     bool SegmentedCodeCache                       = true                                      {product} {ergonomic}
   size_t SoftMaxHeapSize                          = 4278190080                             {manageable} {ergonomic}
     bool UseCompressedClassPointers               = true                           {product lp64_product} {ergonomic}
     bool UseCompressedOops                        = true                           {product lp64_product} {ergonomic}
     bool UseG1GC                                  = true                                      {product} {ergonomic}
     bool UseLargePagesIndividualAllocation        = false                                  {pd product} {ergonomic}

Logging:
Log output configuration:
 #0: stdout all=warning uptime,level,tags
 #1: stderr all=off uptime,level,tags

Environment Variables:
PATH=C:\Program Files\Git\mingw64\libexec\git-core;C:\Program Files\Git\mingw64\libexec\git-core;C:\Program Files\Git\mingw64\bin;C:\Program Files\Git\usr\bin;C:\Users\Henry\bin;C:\Python312\Scripts;C:\Python312;C:\Program Files (x86)\Common Files\Oracle\Java\javapath;C:\Windows\system32;C:\Windows;C:\Windows\System32\Wbem;C:\Windows\System32\WindowsPowerShell\v1.0;C:\Windows\System32\OpenSSH;C:\Program Files (x86)\NVIDIA Corporation\PhysX\Common;C:\Program Files\NVIDIA Corporation\NVIDIA NvDLISR;C:\Program Files\Microsoft SQL Server\120\Tools\Binn;C:\Program Files\Common Files\Autodesk Shared;C:\WINDOWS\system32;C:\WINDOWS;C:\WINDOWS\System32\Wbem;C:\WINDOWS\System32\WindowsPowerShell\v1.0;C:\WINDOWS\System32\OpenSSH;C:\Program Files\Microsoft SQL Server\Client SDK\ODBC\170\Tools\Binn;C:\Program Files (x86)\Microsoft SQL Server\150\Tools\Binn;C:\Program Files\Microsoft SQL Server\150\Tools\Binn;C:\Program Files\Microsoft SQL Server\150\DTS\Binn;C:\Program Files (x86)\Windows Kits\8.1\Windows Performance Toolkit;C:\Program Files\dotnet;C:\Program Files\nodejs;C:\ProgramData\chocolatey\bin;C:\Program Files\Docker\Docker\resources\bin;C:\Program Files\Git\cmd;C:\Anaconda;C:\Anaconda\Library\mingw-w64\bin;C:\Anaconda\Library\usr\bin;C:\Anaconda\Library\bin;C:\Anaconda\Scripts;C:\Users\Henry\AppData\Local\Microsoft\WindowsApps;C:\Users\Henry\AppData\Local\Programs\Microsoft VS Code\bin;C:\msys64\mingw64\bin;C:\Program Files\JetBrains\PyCharm Community Edition 2023.3.1\bin;C:\Users\Henry\AppData\Roaming\npm
USERNAME=Henry
DISPLAY=:0.0
LC_ALL=en_US.UTF-8
TERM=xterm-256color
TMPDIR=C:\Users\Henry\AppData\Local\Temp
OS=Windows_NT
PROCESSOR_IDENTIFIER=Intel64 Family 6 Model 158 Stepping 13, GenuineIntel
TMP=C:\Users\Henry\AppData\Local\Temp
TEMP=C:\Users\Henry\AppData\Local\Temp



Periodic native trim disabled

JNI global refs:
JNI global refs: 0, weak refs: 0

JNI global refs memory usage: 0, weak refs: 0

OOME stack traces (most recent first):
Classloader memory used:


---------------  S Y S T E M  ---------------

OS:
 Windows 10 , 64 bit Build 19041 (10.0.19041.3636)
OS uptime: 5 days 22:03 hours
Hyper-V role detected

CPU: total 6 (initial active 6) (6 cores per cpu, 1 threads per core) family 6 model 158 stepping 13 microcode 0xde, cx8, cmov, fxsr, mmx, 3dnowpref, sse, sse2, sse3, ssse3, sse4.1, sse4.2, popcnt, lzcnt, tsc, tscinvbit, avx, avx2, aes, erms, clmul, bmi1, bmi2, adx, fma, vzeroupper, clflush, clflushopt, hv
Processor Information for all 6 processors :
  Max Mhz: 3696, Current Mhz: 3696, Mhz Limit: 3696

Memory: 4k page, system-wide physical 16319M (674M free)
TotalPageFile size 65471M (AvailPageFile size 88M)
current process WorkingSet (physical memory assigned to process): 10M, peak: 10M
current process commit charge ("private bytes"): 56M, peak: 312M

vm_info: OpenJDK 64-Bit Server VM (17.0.10+1-b1087.17) for windows-amd64 JRE (17.0.10+1-b1087.17), built on 2024-01-19 by "builduser" with MS VC++ 16.10 / 16.11 (VS2019)

END.
